<?xml version="1.0" encoding="UTF-8"?>
<!-- Generated by org.testng.reporters.JUnitReportReporter -->
<testsuite skipped="0" hostname="DESKTOP-B4HNNLL" name="com.prac.qa.testcase.CrossBrowserScript" tests="3" failures="0" timestamp="2021-09-27T08:53:07 IST" time="10.547" errors="0">
  <testcase name="testParameterWithXML" time="2.462" classname="com.prac.qa.testcase.CrossBrowserScript"/>
  <system-out/>
  <testcase name="testParameterWithXML" time="3.362" classname="com.prac.qa.testcase.CrossBrowserScript"/>
  <system-out/>
  <testcase name="testParameterWithXML" time="4.723" classname="com.prac.qa.testcase.CrossBrowserScript"/>
  <system-out/>
</testsuite> <!-- com.prac.qa.testcase.CrossBrowserScript -->
