<?xml version="1.0" encoding="UTF-8"?>
<!-- Generated by org.testng.reporters.JUnitReportReporter -->
<testsuite skipped="0" hostname="DESKTOP-B4HNNLL" name="com.growl.test.JqueryGrowl" tests="1" failures="0" timestamp="2021-09-18T21:40:57 IST" time="14.314" errors="0">
  <testcase name="growlTest" time="14.314" classname="com.growl.test.JqueryGrowl"/>
  <system-out/>
</testsuite> <!-- com.growl.test.JqueryGrowl -->
